         w __deregister_frame_info
         w __register_frame_info
         w userAppExit
         w userAppInit
00000000 00000401 B __ctru_dev_path_buf
00000000 b _TLS_MODULE_BASE_
00000000 a shift
00000000 a shift
00000404 00000802 B __ctru_dev_utf16_buf
00100000 A __start__
00100000 T _start
00100008 T __service_ptr
0010000c T __apt_appid
00100010 T __heap_size
00100014 T __linear_heap_size
00100018 T __system_arglist
0010001c T __system_runflags
00100020 t startup
00100058 t ClearMem
0010006c t ClrLoop
00100094 T _init
001000b0 00000100 T open_extdata
001001b0 0000001c T close_extdata
001001cc 000000f8 T archive_getfilesize
001002c4 00000134 T archive_readfile
001003f8 0000013c T archive_writefile
00100534 0000014c T archive_copyfile
00100680 000000b0 T menu_gamecoindat2sd
00100730 000000b0 T menu_sd2gamecoindat
001007e0 00000108 T draw_menu
001008e8 000000c8 T setcoins
001009b0 0000000c T menu_300coins
001009bc 0000000c T menu_10coins
001009c8 0000000c T menu_0coins
001009d4 00000090 T handle_menus
00100a64 T __aeabi_idiv
00100a64 00000220 T __divsi3
00100a6c t .divsi3_skip_div0_test
00100c84 00000020 T __aeabi_idivmod
00100ca4 00000004 W __aeabi_idiv0
00100ca4 00000004 W __aeabi_ldiv0
00100ca8 T __aeabi_ldivmod
00100d7c T __aeabi_uldivmod
00100dc8 00000390 T strcmp
00101150 t .udivsi3_skip_div0_test
00101150 T __aeabi_uidiv
00101150 000001ec T __udivsi3
0010133c 00000020 T __aeabi_uidivmod
0010135c T __aeabi_drsub
00101364 000002b0 T __aeabi_dsub
00101364 000002b0 T __subdf3
00101368 000002ac T __adddf3
00101368 000002ac T __aeabi_dadd
00101614 00000024 T __aeabi_ui2d
00101614 00000024 T __floatunsidf
00101638 00000028 T __aeabi_i2d
00101638 00000028 T __floatsidf
00101660 00000048 T __aeabi_f2d
00101660 00000048 T __extendsfdf2
001016a8 00000074 T __aeabi_ul2d
001016a8 00000074 T __floatundidf
001016bc 00000060 T __aeabi_l2d
001016bc 00000060 T __floatdidf
0010171c t __do_global_dtors_aux
0010175c t frame_dummy
00101788 0000010c T main
00101894 00000178 T consoleDrawChar
00101a0c 00000124 T consolePrintChar
00101b30 00000a00 T con_write
00102530 00000168 T consoleInit
00102698 000000f4 t newRow
0010278c 0000000c T consoleClear
00102798 000000d0 t gfxPresentFramebuffer
00102868 0000001c T gfxIsWide
00102884 000000ec T gfxSetScreenFormat
00102970 00000010 T gfxSetDoubleBuffering
00102980 00000108 T gfxInit
00102a88 00000010 T gfxInitDefault
00102a98 000000b4 T gfxExit
00102b4c 000000a0 T gfxGetFramebuffer
00102bec 0000010c T gfxFlushBuffers
00102cf8 00000050 T gfxSwapBuffers
00102d48 00000050 T gfxSwapBuffersGpu
00102d98 000000a4 T cfguInit
00102e3c 0000003c T cfguExit
00102e78 00000038 T CFGU_SecureInfoGetRegion
00102eb0 00000c58 t gspHardwareInit
00103b08 00000254 T gspInit
00103d5c 000000f0 T gspExit
00103e4c 00000010 T gspHasGpuRight
00103e5c 00000098 T gspPresentBuffer
00103ef4 00000050 T gspWaitForEvent
00103f44 00000004 W gxCmdQueueInterrupt
00103f48 00000160 t gspEventThreadMain
001040a8 00000050 T GSPGPU_FlushDataCache
001040f8 00000034 T GSPGPU_SetLcdForceBlack
0010412c 00000068 T GSPGPU_AcquireRight
00104194 00000048 T GSPGPU_ReleaseRight
001041dc 0000007c T GSPGPU_ImportDisplayCaptureInfo
00104258 0000002c T GSPGPU_SaveVramSysArea
00104284 0000002c T GSPGPU_RestoreVramSysArea
001042b0 000001b0 t aptConvertScreenForCapture
00104460 00000008 W aptDspSleep
00104468 00000004 W aptDspWakeup
0010446c 00000004 W aptDspCancel
00104470 0000015c T aptSendCommand
001045cc 00000038 t aptExitProcess
00104604 000002f0 T aptExit
001048f4 000000d8 T aptHandleSleep
001049cc 00000084 T APT_SleepIfShellClosed
00104a50 00000084 T aptSetSleepAllowed
00104ad4 00000084 T APT_UnlockTransition
00104b58 00000484 t aptEventHandler
00104fdc 000000b0 T APT_ReceiveParameter
0010508c 000000b0 t aptReceiveParameter.constprop.0
00105140 000002bc t aptScreenTransfer
001053fc 000002d0 t aptWaitForWakeUp.isra.0
001056cc 000000f8 T aptJumpToHomeMenu
001057c4 0000004c T aptMainLoop
00105810 00000234 T aptInit
00105a44 0000007c T APT_CheckNew3DS
00105ac0 00000024 W hidShouldUseIrrst
00105ae4 0000018c T hidInit
00105c70 000000e8 T hidExit
00105d58 00000294 T hidScanInput
00105fec 00000010 T hidKeysDown
00105ffc 000000c8 T fsInit
001060c4 0000003c T fsExit
00106100 00000060 T fsExemptFromSession
00106160 00000050 T fsUnexemptFromSession
001061b0 00000084 T fsMakePath
00106234 000000cc T FSUSER_OpenFile
00106300 000000bc T FSUSER_DeleteFile
001063bc 000000f8 T FSUSER_RenameFile
001064b4 000000bc T FSUSER_DeleteDirectory
00106570 000000d4 T FSUSER_CreateFile
00106644 000000c4 T FSUSER_CreateDirectory
00106708 000000f8 T FSUSER_RenameDirectory
00106800 000000b4 T FSUSER_OpenDirectory
001068b4 00000094 T FSUSER_OpenArchive
00106948 0000008c T FSUSER_CloseArchive
001069d4 00000074 T FSUSER_GetSdmcArchiveResource
00106a48 00000064 T FSUSER_IsSdmcWritable
00106aac 00000058 T FSFILE_Read
00106b04 00000060 T FSFILE_Write
00106b64 00000038 T FSFILE_GetSize
00106b9c 00000028 T FSFILE_SetSize
00106bc4 0000003c T FSFILE_Close
00106c00 00000024 T FSFILE_Flush
00106c24 00000050 T FSDIR_Read
00106c74 0000003c T FSDIR_Close
00106cb0 00000038 W __libctru_init
00106ce8 000000f0 W __system_initArgv
00106dd8 T svcControlMemory
00106df8 T svcQueryMemory
00106e28 T svcExitProcess
00106e30 T svcCreateThread
00106e50 T svcExitThread
00106e58 T svcSleepThread
00106e60 T svcReleaseMutex
00106e68 T svcCreateEvent
00106e7c T svcSignalEvent
00106e84 T svcClearEvent
00106e8c T svcMapMemoryBlock
00106e94 T svcUnmapMemoryBlock
00106e9c T svcCreateAddressArbiter
00106eb0 T svcArbitrateAddressNoTimeout
00106eb8 T svcCloseHandle
00106ec0 T svcWaitSynchronization
00106ec8 T svcWaitSynchronizationN
00106ef0 T svcDuplicateHandle
00106f04 T svcGetSystemTick
00106f0c T svcConnectToPort
00106f20 T svcSendSyncRequest
00106f28 T svcGetResourceLimit
00106f3c T svcGetResourceLimitLimitValues
00106f44 T svcGetResourceLimitCurrentValues
00106f4c T svcBreak
00106f54 W initSystem
00106fa4 W __ctru_exit
00106fbc 00000024 t addrMapNodeComparator(rbtree_node const*, rbtree_node const*)
00106fe0 00000004 t addrMapNodeDestructor(rbtree_node*)
00106fe4 00000114 T vramMemAlign
001070f8 00000008 T vramAlloc
00107100 0000005c T vramFree
0010715c 00000024 t addrMapNodeComparator(rbtree_node const*, rbtree_node const*)
00107180 00000004 t addrMapNodeDestructor(rbtree_node*)
00107184 00000120 T linearMemAlign
001072a4 00000008 T linearAlloc
001072ac 0000005c T linearFree
00107308 00000084 T MemPool::CoalesceRight(MemBlock*)
0010738c 00000170 T MemPool::Allocate(MemChunk&, unsigned long, int)
001074fc 000000fc T MemPool::Deallocate(MemChunk const&)
001075f8 0000000c T __sync_init
00107604 00000018 T __sync_fini
0010761c 0000002c T syncArbitrateAddress
00107648 0000001c T LightLock_Init
00107664 00000094 T LightLock_Lock
001076f8 00000044 T LightLock_TryLock
0010773c 00000040 T LightLock_Unlock
0010777c 00000024 T RecursiveLock_Init
001077a0 00000030 T RecursiveLock_Lock
001077d0 00000078 T RecursiveLock_TryLock
00107848 00000054 T RecursiveLock_Unlock
0010789c 00000040 T LightEvent_Init
001078dc 000000a4 T LightEvent_Clear
00107980 000000c8 T LightEvent_Signal
00107a48 00000058 T LightEvent_TryWait
00107aa0 000000b0 T LightEvent_Wait
00107b50 00000084 W envGetHandle
00107bd4 00000050 W envDestroyHandles
00107c24 00000054 T osGetTimeRef
00107c78 000000e4 T osGetTime
00107d5c 00000074 T __libctru_gtod
00107dd0 00000034 T __ctru_speedup_config
00107e04 00000124 T srvInit
00107f28 00000058 T srvExit
00107f80 00000080 T srvGetServiceHandleDirect
00108000 00000048 T srvGetServiceHandle
00108048 00000038 T srvPublishToSubscriber
00108080 00000188 T threadCreate
00108208 0000002c T threadFree
00108234 00000024 T threadJoin
00108258 00000030 T threadGetCurrent
00108288 00000040 T threadExit
001082c8 00000044 t _thread_begin
0010830c 00000094 t mappableFindAddressWithin
001083a0 00000028 T mappableInit
001083c8 00000080 T mappableAlloc
00108448 00000004 T mappableFree
0010844c 00000160 T irrstInit
001085ac 000000cc T irrstExit
00108678 000000b0 T irrstScanInput
00108728 00000024 T irrstKeysHeld
0010874c 0000000c T srvPmGetSessionHandle
00108758 00000074 T ptmSysmInit
001087cc 0000003c T ptmSysmExit
00108808 00000034 T PTMSYSM_ConfigureNew3DSCPU
0010883c 00000010 T rbtree_init
0010884c 000001a0 t do_insert
001089ec 00000008 T rbtree_insert
001089f4 00000090 T rbtree_rotate
00108a84 00000338 T rbtree_remove
00108dbc 00000074 T rbtree_find
00108e30 00000030 W __appInit
00108e60 00000030 t __libctru_nanosleep
00108e90 00000030 t __libctru_get_reent
00108ec0 000000f8 T __system_initSyscalls
00108fb8 000001e0 W __system_allocateHeaps
00109198 00000030 W __appExit
001091c8 00000090 W __libctru_exit
00109258 00000014 t archive_link
0010926c 00000014 t archive_dirreset
00109280 00000014 t archive_chmod
00109294 00000024 t error_cmp
001092b8 00000050 t archive_translate_error
00109308 000000d4 t archive_seek
001093dc 0000007c t _archiveInit.part.0
00109458 0000008c t archiveFindDevice.part.0
001094e4 00000294 t archive_utf16path
00109778 000000a0 t _archiveUnmountDeviceStruct.part.0
00109818 00000014 t archive_fchmod
0010982c 00000014 t archive_statvfs
00109840 00000158 t _archiveMountDevice
00109998 000000e8 t archive_diropen
00109a80 000000a4 t archive_fstat
00109b24 0000006c t archive_close
00109b90 0000006c t archive_fsync
00109bfc 00000070 t archive_dirclose
00109c6c 000000e8 t sdmc_statvfs
00109d54 00000080 t archive_ftruncate
00109dd4 000000fc t archive_chdir
00109ed0 000000b0 t archive_read
00109f80 000000ac t archive_unlink
0010a02c 000000c8 t archive_rmdir
0010a0f4 000000ec t archive_mkdir
0010a1e0 000001a8 t archive_stat
0010a388 00000184 t archive_rename
0010a50c 00000168 t archive_dirnext
0010a674 0000012c t archive_write
0010a7a0 000001f0 t archive_open
0010a990 000001a4 T archiveMountSdmc
0010ab34 00000054 T archiveUnmountAll
0010ab88 00000050 T rbtree_node_next
0010abd8 000000e8 T utf16_to_utf8
0010acc0 00000064 T decode_utf16
0010ad24 0000013c T decode_utf8
0010ae60 000000c0 T utf8_to_utf16
0010af20 T __aeabi_read_tp
0010af2c 00000060 T encode_utf16
0010af8c 000000fc T encode_utf8
0010b088 00000120 T __udivmoddi4
0010b1a8 00000078 T bsearch
0010b220 0000000c T __errno
0010b22c 00000034 T exit
0010b260 00000160 T _fclose_r
0010b3c0 00000020 T fclose
0010b3e0 00000258 T __sflush_r
0010b638 00000094 T _fflush_r
0010b6cc 00000038 T fflush
0010b704 0000000c T _cleanup_r
0010b710 00000184 T __sinit
0010b894 00000134 T __sfp
0010b9c8 0000000c T __sfp_lock_acquire
0010b9d4 0000000c T __sfp_lock_release
0010b9e0 0000003c T __libc_fini_array
0010ba1c 00000140 T _fopen_r
0010bb5c 00000028 T fopen
0010bb84 000002d4 T _fread_r
0010be58 00000038 T fread
0010be90 000000f8 T _malloc_trim_r
0010bf88 000002e4 T _free_r
0010c26c 0000001c T _fseek_r
0010c288 00000598 T _fseeko_r
0010c820 00000068 T _fwalk
0010c888 00000070 T _fwalk_reent
0010c8f8 000000f8 T _fwrite_r
0010c9f0 00000038 T fwrite
0010ca28 0000007c T __libc_init_array
0010caa4 00000034 T iprintf
0010cad8 00000138 T __smakebuf_r
0010cc10 0000008c T __swhatbuf_r
0010cc9c 00000028 T memalign
0010ccc4 00000150 T _memalign_r
0010ce14 00000020 T malloc
0010ce34 00000020 T free
0010ce54 000007e0 T _malloc_r
0010d634 000000e0 T memchr
0010d714 0000011c T memcpy
0010d830 00000118 T memset
0010d948 0000000c T __malloc_lock
0010d954 0000000c T __malloc_unlock
0010d960 00000034 T printf
0010d994 000000e0 T _puts_r
0010da74 00000020 T puts
0010da94 0000001c t lflush
0010dab0 000001ac T __srefill_r
0010dc5c 00000260 T setvbuf
0010debc 00000074 T sscanf
0010df30 00000044 T __sread
0010df74 00000008 T __seofread
0010df7c 00000068 T __swrite
0010dfe4 00000048 T __sseek
0010e02c 00000008 T __sclose
0010e034 0000005c T strlen
0010e090 000000ec T strncat
0010e17c 000000dc T strncmp
0010e258 000000c0 T strncpy
0010e318 00000048 T strnlen
0010e360 00000050 t get_arg
0010e3b0 00002bbc T __ssvfscanf_r
00110f6c 00000028 T stat
00110f94 00000628 t get_arg
001115bc 00000030 T __sprint_r
001115ec 0000233c T _vfiprintf_r
00113928 000000d4 t __sbprintf
001139fc 00000628 t get_arg
00114028 00003684 T _vfprintf_r
001176ac 000000d4 t __sbprintf
00117780 00000054 T _wcrtomb_r
001177d4 00000028 T _wcsrtombs_r
001177fc 00000154 T __swsetup_r
00117950 00000114 T __call_exitprocs
00117a64 000001ac t quorem
00117c10 000012cc T _dtoa_r
00118edc 000000cc T __sflags
00118fa8 000004c0 T __sfvwrite_r
00119468 00000008 T iswspace
00119470 0000000c T _localeconv_r
0011947c 00000010 T __locale_mb_cur_max
0011948c 00000068 T _mbrtowc_r
001194f4 000002e4 T __utf8_mbtowc
001197d8 00000154 T memmove
0011992c 00000088 T _Balloc
001199b4 0000001c T _Bfree
001199d0 000000f4 T __multadd
00119ac4 00000110 T __s2b
00119bd4 00000058 T __hi0bits
00119c2c 00000094 T __lo0bits
00119cc0 000000a4 T __i2b
00119d64 00000204 T __multiply
00119f68 00000120 T __pow5mult
0011a088 0000013c T __lshift
0011a1c4 00000058 T __mcmp
0011a21c 000001cc T __mdiff
0011a3e8 00000074 T __ulp
0011a45c 000000d0 T __b2d
0011a52c 00000124 T __d2b
0011a650 00000078 T __ratio
0011a6c8 00000088 T __copybits
0011a750 0000005c T __any_on
0011a7ac 00000028 T realloc
0011a7d4 00000558 T _realloc_r
0011ad2c 000000e4 T __sccl
0011ae10 0000000c T nanf
0011ae20 000000a8 T frexp
0011aec8 00000064 T sprintf
0011af2c 000000b8 T stpncpy
0011afe4 0000012c T strchr
0011b110 00001368 T _strtod_l
0011c478 0000000c T _strtod_r
0011c484 0000022c t _strtoll_l.constprop.0
0011c6b0 00000004 T _strtoll_r
0011c6b4 000001a4 t _strtol_l.part.0
0011c858 0000003c T _strtol_r
0011c894 00000244 t _strtoull_l.constprop.0
0011cad8 00000004 T _strtoull_r
0011cadc 000001c4 t _strtoul_l.constprop.0
0011cca0 00000004 T _strtoul_r
0011cca4 00000190 T __ssprint_r
0011ce34 000000e0 T _sungetc_r
0011cf14 0000006c T __ssrefill_r
0011cf80 000000c8 T _sfread_r
0011d048 00000628 t get_arg
0011d670 000035b8 T _svfprintf_r
00120c28 000000a8 T __submore
00120cd0 00000190 T _wcsnrtombs_l
00120e60 0000004c T _wcsnrtombs_r
00120eac 000000f0 T __utf8_wctomb
00120f9c 00000054 T __assert_func
00120ff0 000000bc T _calloc_r
001210ac 0000003c T fiprintf
001210e8 000000ec t rshift
001211d4 00000904 T __gethex
00121ad8 0000004c T __match
00121b24 0000029c T __hexnan
00121dc0 0000003c T iswspace_l
00121dfc 000001d4 t __jp2uc
00121fd0 0000009c T _jp2uc_l
00122070 00000010 T nan
00122080 00000014 T abort
00122094 00000084 T category
00122118 00000098 T _raise_r
001221b0 00000020 T raise
001221d0 00000008 t null_write
001221d8 00000018 T setDefaultDevice
001221f0 000000c8 T FindDevice
001222b8 00000028 T RemoveDevice
001222e0 0000009c T AddDevice
0012237c 00000020 T GetDeviceOpTab
0012239c 00000078 T _fstat_r
00122414 00000014 T _getpid_r
00122428 00000008 T _isatty_r
00122430 00000014 T _kill_r
00122444 00000084 T _lseek_r
001224c8 000000c8 T _open_r
00122590 00000080 T _read_r
00122610 00000078 T _sbrk_r
00122688 00000078 T _stat_r
00122700 00000080 T _write_r
00122780 00000024 T _exit
001227a4 000001b8 T _concatenate_path
0012295c 00000160 T chdir
00122abc 00000008 T __flockfile
00122ac4 00000008 T __funlockfile
00122acc 00000018 T __libc_lock_acquire
00122ae4 00000018 T __libc_lock_release
00122afc 00000018 T __libc_lock_init_recursive
00122b14 00000018 T __libc_lock_acquire_recursive
00122b2c 00000018 T __libc_lock_release_recursive
00122b44 00000018 T __libc_lock_close_recursive
00122b5c 0000008c T __release_handle
00122be8 000000b4 T __alloc_handle
00122c9c 0000003c T __get_handle
00122cd8 000000f4 T _close_r
00122dcc 00000028 T __getreent
00122df4 00000038 T __aeabi_d2lz
00122df4 00000038 T __fixdfdi
00122e30 00000040 T __aeabi_d2ulz
00122e30 00000040 T __fixunsdfdi
00122e70 00000044 T strrchr
00122eb4 T _fini
0012327c r .LC2
00123368 00000030 r colorTable
00123398 00000070 r dotab_stdout
00123444 00000008 r morton_x.3
0012344c 00000008 r morton_y.2
00123454 00000008 r s_sleepWakeEvents.4
0012347c R default_font_bin
00123c7c R default_font_bin_end
00123cb4 00000070 r archive_devoptab
00123d24 00000030 r error_table
00123d54 00000004 R _global_impure_ptr
00123d60 00000022 r basefix.0
00123dac 00000010 r blanks.1
00123dbc 00000010 r zeroes.0
00123de0 00000010 r blanks.1
00123df0 00000010 r zeroes.0
00123e00 00000101 R _ctype_
00123ff0 00000028 R __mprec_bigtens
00124018 000000c8 R __mprec_tens
001240e0 0000000c r p05.0
001240fc 00000014 r fpi.1
00124110 00000014 r fpinan.0
00124128 00000028 r tinytens
00124150 0000006c R __action_table
001241bc 00000100 R __chclass
001242bc 0000006c R __state_table
00124328 00000010 r blanks.1
00124338 00000010 r zeroes.0
001243d0 00000100 R __hexdig
001244e4 000000bc r a1
001245a0 000000bc r a2
0012465c 0000005b r a3
001246b8 00000070 r a6
00124728 000000a2 r a7
001247cc 00000040 r a8
0012480c 0000172a r b02cf
00125f38 00001a7c r d02f4
001279b4 0000000c R _C_numeric_locale
001279c0 000031e6 r categories
0012aba8 00000070 R dotab_stdnull
0012ac18 r 
0012ac18 R __exidx_end
0012ac18 R __exidx_start
0012b000 00000004 D filebuffer_maxsize
0012b004 00000004 D mainmenu_totalentries
0012b008 00000014 D mainmenu_entries
0012b01c 00000014 D mainmenu_entryhandlers
0012b030 00000004 D currentConsole
0012b034 0000004c D defaultConsole
0012b080 00000001 d firstConsoleInit.0
0012b084 00000004 d kCount
0012b088 00000004 d kDelay
0012b08c 00000004 d kInterval
0012b090 W __stacksize__
0012b094 0000000c d __sfp_recursive_mutex
0012b0a0 0000000c d __sinit_recursive_mutex
0012b0ac 00000004 D _impure_ptr
0012b0b0 00000460 d impure_data
0012b510 00000408 D __malloc_av_
0012b918 00000004 D __malloc_sbrk_base
0012b91c 00000004 D __malloc_trim_threshold
0012b920 0000000c d __malloc_recursive_mutex
0012b92c 0000000c D __atexit_recursive_mutex
0012b938 0000016c D __global_locale
0012baa4 00000002 d numempty
0012baa8 00000004 d defaultDevice
0012baac 0000008c D devoptab_list
0012bb38 00000400 d _current_working_directory
0012bf38 00000004 d __hndl_lock
0012bf3c 0000000c d __stderr_handle
0012bf48 0000000c d __stdin_handle
0012bf54 0000000c d __stdout_handle
0012bf60 00001000 d handles
0012cf68 d _GLOBAL_OFFSET_TABLE_
0012cf74 d __frame_dummy_init_array_entry
0012cf74 D __init_array_start
0012cf74 B __preinit_array_end
0012cf74 B __preinit_array_start
0012cf74 D __tdata_lma
0012cf74 D __tdata_lma_end
0012cf78 d __do_global_dtors_aux_fini_array_entry
0012cf78 D __fini_array_start
0012cf78 D __init_array_end
0012cf7c D __bss_start__
0012cf7c D __fini_array_end
0012cf80 00000004 B archiveId
0012cf84 0000000c B archivePath
0012cf90 0000000c B extdata_archives_lowpathdata
0012cfa0 00000008 B extdata_archives
0012cfa8 00000004 B extdata_initialized
0012cfac 00000004 B filebuffer
0012cfb0 b completed.1
0012cfb4 b object.0
0012cfcc 0000004c B currentCopy
0012d018 00000004 b gfxBottomFramebufferMaxSize
0012d01c 00000008 b gfxBottomFramebuffers
0012d024 00000002 b gfxCurBuf
0012d028 00000002 b gfxFramebufferFormats
0012d02c 00000002 b gfxIsDoubleBuf
0012d02e 00000001 b gfxIsVram
0012d030 00000004 b gfxTopFramebufferMaxSize
0012d034 00000008 b gfxTopFramebuffers
0012d03c 00000001 b gfxTopMode
0012d040 00000004 b screenAlloc
0012d044 00000004 b screenFree
0012d048 00000004 b cfguHandle
0012d04c 00000004 b cfguRefCount
0012d050 00000004 b gspEvent
0012d054 0000001c b gspEventCb
0012d070 0000001c b gspEventCbData
0012d08c 00000007 b gspEventCbOneShot
0012d094 00000004 b gspEventThread
0012d098 00000038 b gspEvents
0012d0d0 00000004 b gspGpuHandle
0012d0d4 00000001 b gspGpuRight
0012d0d8 00000004 b gspLastEvent
0012d0dc 00000004 b gspRefCount
0012d0e0 00000001 b gspRunEvents
0012d0e4 00000004 b gspSharedMem
0012d0e8 00000004 b gspSharedMemHandle
0012d0ec 00000001 b gspThreadId
0012d0ed 00000001 b aptChainloadFlags
0012d0ee 00000001 b aptChainloadMediatype
0012d0f0 00000008 b aptChainloadTid
0012d0f8 00000004 b aptEventHandlerThread
0012d0fc 00000001 b aptEventHandlerThreadQuit
0012d100 00000008 b aptEvents
0012d108 0000000c b aptFirstHook
0012d114 00000004 b aptFlags
0012d118 00000001 b aptHomeButtonState
0012d11c 00000004 b aptLockHandle
0012d120 00000004 b aptMessageFunc
0012d124 00000004 b aptMessageFuncData
0012d128 00001000 b aptParameters
0012e128 00000008 b aptReceiveEvent
0012e130 00000004 b aptRefCount
0012e134 00000008 b aptSleepEvent
0012e13c 00000001 b flagInit.1
0012e13d 00000001 b flagValue.0
0012e140 00000004 b serviceName.6
0012e144 00000006 b aVec
0012e14c 00000004 b cPos
0012e150 00000006 b gRate
0012e158 00000014 B hidEvents
0012e16c 00000004 B hidHandle
0012e170 00000004 B hidMemHandle
0012e174 00000004 b hidRefCount
0012e178 00000004 B hidSharedMem
0012e17c 00000004 b kDown
0012e180 00000004 b kHeld
0012e184 00000004 b kOld
0012e188 00000004 b kRepeat
0012e18c 00000004 b kUp
0012e190 00000004 b tPos
0012e194 00000001 b usingIrrst
0012e198 00000080 b fsExemptArchives
0012e218 00000004 b fsuHandle
0012e21c 00000004 b fsuRefCount
0012e220 00000004 B __system_retAddr
0012e224 00000004 B __system_argc
0012e228 00000004 B __system_argv
0012e22c b saved_stack
0012e234 0000000c b sAddrMap
0012e240 00000008 b sVramPool
0012e248 00000008 b sLinearPool
0012e250 0000000c b sAddrMap
0012e25c 00000004 b arbiter
0012e260 00000001 V __ctru_speedup
0012e264 00000004 b srvHandle
0012e268 00000004 b srvRefCount
0012e26c 00000004 b currentAddr
0012e270 00000004 b maxAddr
0012e274 00000004 b minAddr
0012e278 00000004 b csPos
0012e27c 00000004 B irrstEvent
0012e280 00000004 B irrstHandle
0012e284 00000004 B irrstMemHandle
0012e288 00000004 b irrstRefCount
0012e28c 00000004 B irrstSharedMem
0012e290 00000004 b kHeld
0012e294 00000004 b srvPmHandle
0012e298 00000004 b ptmSysmHandle
0012e29c 00000004 b ptmSysmRefCount
0012e2a0 00000004 B __ctru_heap
0012e2a4 00000004 V __ctru_heap_size
0012e2a8 00000004 B __ctru_linear_heap
0012e2ac 00000004 V __ctru_linear_heap_size
0012e2b0 00000004 b archive_device_cwd
0012e2b8 00000540 b archive_devices
0012e7f8 00000001 b archive_initialized
0012e7fc 00000028 B __malloc_current_mallinfo
0012e824 00000004 B __malloc_max_sbrked_mem
0012e828 00000004 B __malloc_max_total_mem
0012e82c 00000004 B __malloc_top_pad
0012e830 00000004 b heap_start.0
0012e834 00000004 B fake_heap_end
0012e838 00000004 B fake_heap_start
0012e83c 00000400 b temp_cwd
0012ec3c 00000048 B __syscalls
0012ec84 B __tls_start
0012f88c B __bss_end__
0012f88c A __end__
0012f88c B __tls_end
